app/build/intermediates/manifest_merge_blame_file/debug/processDebugMainManifest/manifest-merger-blame-debug-report.txt
1<?xml version="1.0" encoding="utf-8"?>
2<manifest xmlns:android="http://schemas.android.com/apk/res/android"
3    package="com.vizo.app"
4    android:versionCode="1"
5    android:versionName="1.0.0" >
6
7    <uses-sdk
8        android:minSdkVersion="26"
9        android:targetSdkVersion="36" />
10
11    <uses-permission android:name="android.permission.INTERNET" />
11-->src\main\AndroidManifest.xml:5:5-67
11-->src\main\AndroidManifest.xml:5:22-64
12
13    <permission
13-->[androidx.core:core:1.15.0] AndroidManifest.xml:22:5-24:47
14        android:name="com.vizo.app.DYNAMIC_RECEIVER_NOT_EXPORTED_PERMISSION"
14-->[androidx.core:core:1.15.0] AndroidManifest.xml:23:9-81
15        android:protectionLevel="signature" />
15-->[androidx.core:core:1.15.0] AndroidManifest.xml:24:9-44
16
17    <uses-permission android:name="com.vizo.app.DYNAMIC_RECEIVER_NOT_EXPORTED_PERMISSION" />
17-->[androidx.core:core:1.15.0] AndroidManifest.xml:26:5-97
17-->[androidx.core:core:1.15.0] AndroidManifest.xml:26:22-94
18
19    <application
19-->src\main\AndroidManifest.xml:7:5-24:19
20        android:name="com.vizo.app.VizoApplication"
20-->src\main\AndroidManifest.xml:8:9-40
21        android:allowBackup="true"
21-->src\main\AndroidManifest.xml:9:9-35
22        android:appComponentFactory="androidx.core.app.CoreComponentFactory"
22-->[androidx.core:core:1.15.0] AndroidManifest.xml:28:18-86
23        android:debuggable="true"
24        android:extractNativeLibs="false"
25        android:icon="@mipmap/ic_launcher"
25-->src\main\AndroidManifest.xml:10:9-43
26        android:label="Vizo"
26-->src\main\AndroidManifest.xml:11:9-29
27        android:roundIcon="@mipmap/ic_launcher_round"
27-->src\main\AndroidManifest.xml:12:9-54
28        android:supportsRtl="true"
28-->src\main\AndroidManifest.xml:13:9-35
29        android:theme="@style/Theme.Vizo" >
29-->src\main\AndroidManifest.xml:14:9-42
30        <activity
30-->src\main\AndroidManifest.xml:15:9-23:20
31            android:name="com.vizo.app.MainActivity"
31-->src\main\AndroidManifest.xml:16:13-41
32            android:exported="true"
32-->src\main\AndroidManifest.xml:17:13-36
33            android:theme="@style/Theme.Vizo" >
33-->src\main\AndroidManifest.xml:18:13-46
34            <intent-filter>
34-->src\main\AndroidManifest.xml:19:13-22:29
35                <action android:name="android.intent.action.MAIN" />
35-->src\main\AndroidManifest.xml:20:17-69
35-->src\main\AndroidManifest.xml:20:25-66
36
37                <category android:name="android.intent.category.LAUNCHER" />
37-->src\main\AndroidManifest.xml:21:17-77
37-->src\main\AndroidManifest.xml:21:27-74
38            </intent-filter>
39        </activity>
40
41        <provider
41-->[io.github.jan-tennert.supabase:storage-kt-android:3.4.1] AndroidManifest.xml:9:9-17:20
42            android:name="androidx.startup.InitializationProvider"
42-->[io.github.jan-tennert.supabase:storage-kt-android:3.4.1] AndroidManifest.xml:10:13-67
43            android:authorities="com.vizo.app.androidx-startup"
43-->[io.github.jan-tennert.supabase:storage-kt-android:3.4.1] AndroidManifest.xml:11:13-68
44            android:exported="false" >
44-->[io.github.jan-tennert.supabase:storage-kt-android:3.4.1] AndroidManifest.xml:12:13-37
45            <meta-data
45-->[io.github.jan-tennert.supabase:storage-kt-android:3.4.1] AndroidManifest.xml:14:13-16:52
46                android:name="io.github.jan.supabase.storage.SupabaseInitializer"
46-->[io.github.jan-tennert.supabase:storage-kt-android:3.4.1] AndroidManifest.xml:15:17-82
47                android:value="androidx.startup" />
47-->[io.github.jan-tennert.supabase:storage-kt-android:3.4.1] AndroidManifest.xml:16:17-49
48            <meta-data
48-->[io.github.jan-tennert.supabase:auth-kt-android:3.4.1] AndroidManifest.xml:14:13-16:52
49                android:name="io.github.jan.supabase.auth.SupabaseInitializer"
49-->[io.github.jan-tennert.supabase:auth-kt-android:3.4.1] AndroidManifest.xml:15:17-79
50                android:value="androidx.startup" />
50-->[io.github.jan-tennert.supabase:auth-kt-android:3.4.1] AndroidManifest.xml:16:17-49
51            <meta-data
51-->[androidx.emoji2:emoji2:1.4.0] AndroidManifest.xml:29:13-31:52
52                android:name="androidx.emoji2.text.EmojiCompatInitializer"
52-->[androidx.emoji2:emoji2:1.4.0] AndroidManifest.xml:30:17-75
53                android:value="androidx.startup" />
53-->[androidx.emoji2:emoji2:1.4.0] AndroidManifest.xml:31:17-49
54            <meta-data
54-->[androidx.lifecycle:lifecycle-process:2.10.0] AndroidManifest.xml:29:13-31:52
55                android:name="androidx.lifecycle.ProcessLifecycleInitializer"
55-->[androidx.lifecycle:lifecycle-process:2.10.0] AndroidManifest.xml:30:17-78
56                android:value="androidx.startup" />
56-->[androidx.lifecycle:lifecycle-process:2.10.0] AndroidManifest.xml:31:17-49
57            <meta-data
57-->[com.russhwolf:multiplatform-settings-no-arg-android-debug:1.3.0] AndroidManifest.xml:29:13-31:52
58                android:name="com.russhwolf.settings.SettingsInitializer"
58-->[com.russhwolf:multiplatform-settings-no-arg-android-debug:1.3.0] AndroidManifest.xml:30:17-74
59                android:value="androidx.startup" />
59-->[com.russhwolf:multiplatform-settings-no-arg-android-debug:1.3.0] AndroidManifest.xml:31:17-49
60            <meta-data
60-->[androidx.profileinstaller:profileinstaller:1.4.0] AndroidManifest.xml:29:13-31:52
61                android:name="androidx.profileinstaller.ProfileInstallerInitializer"
61-->[androidx.profileinstaller:profileinstaller:1.4.0] AndroidManifest.xml:30:17-85
62                android:value="androidx.startup" />
62-->[androidx.profileinstaller:profileinstaller:1.4.0] AndroidManifest.xml:31:17-49
63        </provider>
64
65        <receiver
65-->[androidx.profileinstaller:profileinstaller:1.4.0] AndroidManifest.xml:34:9-52:20
66            android:name="androidx.profileinstaller.ProfileInstallReceiver"
66-->[androidx.profileinstaller:profileinstaller:1.4.0] AndroidManifest.xml:35:13-76
67            android:directBootAware="false"
67-->[androidx.profileinstaller:profileinstaller:1.4.0] AndroidManifest.xml:36:13-44
68            android:enabled="true"
68-->[androidx.profileinstaller:profileinstaller:1.4.0] AndroidManifest.xml:37:13-35
69            android:exported="true"
69-->[androidx.profileinstaller:profileinstaller:1.4.0] AndroidManifest.xml:38:13-36
70            android:permission="android.permission.DUMP" >
70-->[androidx.profileinstaller:profileinstaller:1.4.0] AndroidManifest.xml:39:13-57
71            <intent-filter>
71-->[androidx.profileinstaller:profileinstaller:1.4.0] AndroidManifest.xml:40:13-42:29
72                <action android:name="androidx.profileinstaller.action.INSTALL_PROFILE" />
72-->[androidx.profileinstaller:profileinstaller:1.4.0] AndroidManifest.xml:41:17-91
72-->[androidx.profileinstaller:profileinstaller:1.4.0] AndroidManifest.xml:41:25-88
73            </intent-filter>
74            <intent-filter>
74-->[androidx.profileinstaller:profileinstaller:1.4.0] AndroidManifest.xml:43:13-45:29
75                <action android:name="androidx.profileinstaller.action.SKIP_FILE" />
75-->[androidx.profileinstaller:profileinstaller:1.4.0] AndroidManifest.xml:44:17-85
75-->[androidx.profileinstaller:profileinstaller:1.4.0] AndroidManifest.xml:44:25-82
76            </intent-filter>
77            <intent-filter>
77-->[androidx.profileinstaller:profileinstaller:1.4.0] AndroidManifest.xml:46:13-48:29
78                <action android:name="androidx.profileinstaller.action.SAVE_PROFILE" />
78-->[androidx.profileinstaller:profileinstaller:1.4.0] AndroidManifest.xml:47:17-88
78-->[androidx.profileinstaller:profileinstaller:1.4.0] AndroidManifest.xml:47:25-85
79            </intent-filter>
80            <intent-filter>
80-->[androidx.profileinstaller:profileinstaller:1.4.0] AndroidManifest.xml:49:13-51:29
81                <action android:name="androidx.profileinstaller.action.BENCHMARK_OPERATION" />
81-->[androidx.profileinstaller:profileinstaller:1.4.0] AndroidManifest.xml:50:17-95
81-->[androidx.profileinstaller:profileinstaller:1.4.0] AndroidManifest.xml:50:25-92
82            </intent-filter>
83        </receiver>
84    </application>
85
86</manifest>